<?xml version="1.0" encoding="UTF-8" ?>
<testsuite failures="0" time="0.016" errors="0" skipped="0" tests="1" name="eu.socialsensor.trendalabeler.AppTest">
  <properties>
    <property name="java.runtime.name" value="Java(TM) SE Runtime Environment"/>
    <property name="sun.boot.library.path" value="C:\Program Files\Java\jdk1.7.0_01\jre\bin"/>
    <property name="java.vm.version" value="21.1-b02"/>
    <property name="user.country.format" value="GR"/>
    <property name="java.vm.vendor" value="Oracle Corporation"/>
    <property name="java.vendor.url" value="http://java.oracle.com/"/>
    <property name="path.separator" value=";"/>
    <property name="java.vm.name" value="Java HotSpot(TM) Client VM"/>
    <property name="file.encoding.pkg" value="sun.io"/>
    <property name="user.script" value=""/>
    <property name="user.country" value="US"/>
    <property name="sun.java.launcher" value="SUN_STANDARD"/>
    <property name="sun.os.patch.level" value="Service Pack 3"/>
    <property name="java.vm.specification.name" value="Java Virtual Machine Specification"/>
    <property name="user.dir" value="D:\NetBeansProjects\TrendaLabeler"/>
    <property name="java.runtime.version" value="1.7.0_01-b08"/>
    <property name="java.awt.graphicsenv" value="sun.awt.Win32GraphicsEnvironment"/>
    <property name="basedir" value="D:\NetBeansProjects\TrendaLabeler"/>
    <property name="java.endorsed.dirs" value="C:\Program Files\Java\jdk1.7.0_01\jre\lib\endorsed"/>
    <property name="os.arch" value="x86"/>
    <property name="surefire.real.class.path" value="D:\NetBeansProjects\TrendaLabeler\target\surefire\surefirebooter1317919369858525855.jar"/>
    <property name="java.io.tmpdir" value="C:\DOCUME~1\gpetkos\LOCALS~1\Temp\"/>
    <property name="line.separator" value="
"/>
    <property name="java.vm.specification.vendor" value="Oracle Corporation"/>
    <property name="user.variant" value=""/>
    <property name="os.name" value="Windows XP"/>
    <property name="sun.jnu.encoding" value="Cp1253"/>
    <property name="java.library.path" value="C:\Program Files\Java\jdk1.7.0_01\jre\bin;C:\windows\Sun\Java\bin;C:\windows\system32;C:\windows;C:\Program Files\Git\git-cheetah\..\bin;C:\Program Files\Git\git-cheetah\..\bin;C:\Program Files\Git\git-cheetah\..\bin;C:\Program Files\Git\git-cheetah\..\bin;C:\Program Files\Git\git-cheetah\..\bin;C:\Program Files\Git\git-cheetah\..\bin;C:\Program Files\Git\git-cheetah\..\bin;C:\Program Files\Git\git-cheetah\..\bin;C:\Program Files\Git\git-cheetah\..\bin;C:\Program Files\Git\git-cheetah\..\bin;C:\Program Files\Git\git-cheetah\..\bin;C:\Program Files\Git\git-cheetah\..\bin;C:\Program Files\ImageMagick-6.7.7-Q16;c:\program files\miktex 2.9\miktex\bin;c:\program files\nvidia corporation\physx\common;C:\windows\system32;C:\windows;C:\windows\system32\wbem;c:\windows\system32\windowspowershell\v1.0;c:\program files\tortoisesvn\bin;C:\Program Files\MATLAB71\bin\win32;C:\Program Files\apache-maven-3.0.3\bin;C:\apache-ant-1.8.2\bin;D:\libraries\c++\opencv\bin;C:\Program Files\Java\jdk1.6.0_30\bin;C:\Program Files\MiKTeX 2.9\miktex\bin;C:\Program Files\VisualSVN Server\bin;C:\Program Files\CMake 2.8\bin;C:\Program Files\LIACS Media Lab\TOP-SURF Examples;C:\Program Files\Java\jdk1.6.0_30\bin;C:\Program Files\apache-maven-3.0.3\bin;C:\Program Files\gs\gs9.02\bin;C:\Program Files\Ghostgum\gsview;C:\Program Files\apache-maven-3.0.3\bin;C:\Program Files\MiKTeX 2.9\miktex\bin;C:\Program Files\Java\jre7\bin;C:\Program Files\MiKTeX 2.9\miktex\bin;."/>
    <property name="surefire.test.class.path" value="D:\NetBeansProjects\TrendaLabeler\target\test-classes;D:\NetBeansProjects\TrendaLabeler\target\classes;C:\Documents and Settings\gpetkos\.m2\repository\junit\junit\3.8.1\junit-3.8.1.jar;C:\Documents and Settings\gpetkos\.m2\repository\pl\pragmatists\tumbler\tumbler\0.4.1\tumbler-0.4.1.jar;C:\Documents and Settings\gpetkos\.m2\repository\org\freemarker\freemarker\2.3.18\freemarker-2.3.18.jar;C:\Documents and Settings\gpetkos\.m2\repository\pl\pragmatists\JUnitParams\0.4.0\JUnitParams-0.4.0.jar;C:\Documents and Settings\gpetkos\.m2\repository\org\springframework\spring-test\3.0.7.RELEASE\spring-test-3.0.7.RELEASE.jar;C:\Documents and Settings\gpetkos\.m2\repository\org\springframework\spring-core\3.0.7.RELEASE\spring-core-3.0.7.RELEASE.jar;C:\Documents and Settings\gpetkos\.m2\repository\org\springframework\spring-asm\3.0.7.RELEASE\spring-asm-3.0.7.RELEASE.jar;C:\Documents and Settings\gpetkos\.m2\repository\commons-logging\commons-logging\1.1.1\commons-logging-1.1.1.jar;C:\Documents and Settings\gpetkos\.m2\repository\org\springframework\spring-context\3.0.7.RELEASE\spring-context-3.0.7.RELEASE.jar;C:\Documents and Settings\gpetkos\.m2\repository\org\springframework\spring-aop\3.0.7.RELEASE\spring-aop-3.0.7.RELEASE.jar;C:\Documents and Settings\gpetkos\.m2\repository\aopalliance\aopalliance\1.0\aopalliance-1.0.jar;C:\Documents and Settings\gpetkos\.m2\repository\org\springframework\spring-beans\3.0.7.RELEASE\spring-beans-3.0.7.RELEASE.jar;C:\Documents and Settings\gpetkos\.m2\repository\org\springframework\spring-expression\3.0.7.RELEASE\spring-expression-3.0.7.RELEASE.jar;C:\Documents and Settings\gpetkos\.m2\repository\cglib\cglib\2.2.2\cglib-2.2.2.jar;C:\Documents and Settings\gpetkos\.m2\repository\asm\asm\3.3.1\asm-3.3.1.jar;C:\Documents and Settings\gpetkos\.m2\repository\edu\stanford\nlp\stanford-corenlp\3.2.0\stanford-corenlp-3.2.0.jar;C:\Documents and Settings\gpetkos\.m2\repository\xom\xom\1.2.5\xom-1.2.5.jar;C:\Documents and Settings\gpetkos\.m2\repository\xml-apis\xml-apis\1.3.03\xml-apis-1.3.03.jar;C:\Documents and Settings\gpetkos\.m2\repository\xerces\xercesImpl\2.8.0\xercesImpl-2.8.0.jar;C:\Documents and Settings\gpetkos\.m2\repository\xalan\xalan\2.7.0\xalan-2.7.0.jar;C:\Documents and Settings\gpetkos\.m2\repository\joda-time\joda-time\2.1\joda-time-2.1.jar;C:\Documents and Settings\gpetkos\.m2\repository\de\jollyday\jollyday\0.4.7\jollyday-0.4.7.jar;C:\Documents and Settings\gpetkos\.m2\repository\javax\xml\bind\jaxb-api\2.2.7\jaxb-api-2.2.7.jar;C:\Documents and Settings\gpetkos\.m2\repository\com\googlecode\efficient-java-matrix-library\ejml\0.19\ejml-0.19.jar;C:\Documents and Settings\gpetkos\.m2\repository\uk\ac\shef\wit\simmetrics\1.6.2\simmetrics-1.6.2.jar;C:\Documents and Settings\gpetkos\.m2\repository\org\htmlparser\htmlparser\1.6\htmlparser-1.6.jar;C:\Documents and Settings\gpetkos\.m2\repository\eu\socialsensor\socialsensor-framework-common\0.2-SNAPSHOT\socialsensor-framework-common-0.2-SNAPSHOT.jar;C:\Documents and Settings\gpetkos\.m2\repository\com\google\code\gson\gson\2.2.2\gson-2.2.2.jar;C:\Documents and Settings\gpetkos\.m2\repository\log4j\log4j\1.2.16\log4j-1.2.16.jar;C:\Documents and Settings\gpetkos\.m2\repository\org\mongodb\mongo-java-driver\2.11.0\mongo-java-driver-2.11.0.jar;C:\Documents and Settings\gpetkos\.m2\repository\org\apache\solr\solr-core\4.0.0\solr-core-4.0.0.jar;C:\Documents and Settings\gpetkos\.m2\repository\org\apache\lucene\lucene-analyzers-kuromoji\4.0.0\lucene-analyzers-kuromoji-4.0.0.jar;C:\Documents and Settings\gpetkos\.m2\repository\org\apache\lucene\lucene-analyzers-morfologik\4.0.0\lucene-analyzers-morfologik-4.0.0.jar;C:\Documents and Settings\gpetkos\.m2\repository\org\carrot2\morfologik-polish\1.5.3\morfologik-polish-1.5.3.jar;C:\Documents and Settings\gpetkos\.m2\repository\org\carrot2\morfologik-stemming\1.5.3\morfologik-stemming-1.5.3.jar;C:\Documents and Settings\gpetkos\.m2\repository\org\carrot2\morfologik-fsa\1.5.3\morfologik-fsa-1.5.3.jar;C:\Documents and Settings\gpetkos\.m2\repository\org\apache\lucene\lucene-analyzers-phonetic\4.0.0\lucene-analyzers-phonetic-4.0.0.jar;C:\Documents and Settings\gpetkos\.m2\repository\org\apache\lucene\lucene-highlighter\4.0.0\lucene-highlighter-4.0.0.jar;C:\Documents and Settings\gpetkos\.m2\repository\org\apache\lucene\lucene-memory\4.0.0\lucene-memory-4.0.0.jar;C:\Documents and Settings\gpetkos\.m2\repository\org\apache\lucene\lucene-misc\4.0.0\lucene-misc-4.0.0.jar;C:\Documents and Settings\gpetkos\.m2\repository\org\apache\lucene\lucene-queryparser\4.0.0\lucene-queryparser-4.0.0.jar;C:\Documents and Settings\gpetkos\.m2\repository\org\apache\lucene\lucene-spatial\4.0.0\lucene-spatial-4.0.0.jar;C:\Documents and Settings\gpetkos\.m2\repository\com\spatial4j\spatial4j\0.3\spatial4j-0.3.jar;C:\Documents and Settings\gpetkos\.m2\repository\org\apache\lucene\lucene-suggest\4.0.0\lucene-suggest-4.0.0.jar;C:\Documents and Settings\gpetkos\.m2\repository\org\apache\lucene\lucene-grouping\4.0.0\lucene-grouping-4.0.0.jar;C:\Documents and Settings\gpetkos\.m2\repository\org\apache\lucene\lucene-queries\4.0.0\lucene-queries-4.0.0.jar;C:\Documents and Settings\gpetkos\.m2\repository\commons-codec\commons-codec\1.7\commons-codec-1.7.jar;C:\Documents and Settings\gpetkos\.m2\repository\commons-cli\commons-cli\1.2\commons-cli-1.2.jar;C:\Documents and Settings\gpetkos\.m2\repository\commons-fileupload\commons-fileupload\1.2.1\commons-fileupload-1.2.1.jar;C:\Documents and Settings\gpetkos\.m2\repository\org\slf4j\jcl-over-slf4j\1.6.4\jcl-over-slf4j-1.6.4.jar;C:\Documents and Settings\gpetkos\.m2\repository\org\slf4j\slf4j-jdk14\1.6.4\slf4j-jdk14-1.6.4.jar;C:\Documents and Settings\gpetkos\.m2\repository\commons-io\commons-io\2.1\commons-io-2.1.jar;C:\Documents and Settings\gpetkos\.m2\repository\commons-lang\commons-lang\2.6\commons-lang-2.6.jar;C:\Documents and Settings\gpetkos\.m2\repository\com\google\guava\guava\r05\guava-r05.jar;C:\Documents and Settings\gpetkos\.m2\repository\org\codehaus\woodstox\wstx-asl\3.2.7\wstx-asl-3.2.7.jar;C:\Documents and Settings\gpetkos\.m2\repository\org\slf4j\slf4j-api\1.6.4\slf4j-api-1.6.4.jar;C:\Documents and Settings\gpetkos\.m2\repository\org\apache\solr\solr-solrj\4.0.0\solr-solrj-4.0.0.jar;C:\Documents and Settings\gpetkos\.m2\repository\org\apache\zookeeper\zookeeper\3.3.6\zookeeper-3.3.6.jar;C:\Documents and Settings\gpetkos\.m2\repository\org\apache\commons\commons-lang3\3.1\commons-lang3-3.1.jar;C:\Documents and Settings\gpetkos\.m2\repository\eu\socialsensor\topic-detection\0.2-SNAPSHOT\topic-detection-0.2-SNAPSHOT.jar;C:\Documents and Settings\gpetkos\.m2\repository\org\scalanlp\jblas\1.2.1\jblas-1.2.1.jar;C:\Documents and Settings\gpetkos\.m2\repository\colt\colt\1.2.0\colt-1.2.0.jar;C:\Documents and Settings\gpetkos\.m2\repository\concurrent\concurrent\1.3.4\concurrent-1.3.4.jar;C:\Documents and Settings\gpetkos\.m2\repository\com\aliasi\lingpipe\4.0.1\lingpipe-4.0.1.jar;C:\Documents and Settings\gpetkos\.m2\repository\org\apache\lucene\lucene-core\4.0.0\lucene-core-4.0.0.jar;C:\Documents and Settings\gpetkos\.m2\repository\org\apache\lucene\lucene-analyzers-common\4.0.0\lucene-analyzers-common-4.0.0.jar;C:\Documents and Settings\gpetkos\.m2\repository\com\cybozu\labs\langdetect\1.1-20120112\langdetect-1.1-20120112.jar;C:\Documents and Settings\gpetkos\.m2\repository\net\arnx\jsonic\1.2.7\jsonic-1.2.7.jar;C:\Documents and Settings\gpetkos\.m2\repository\eu\socialsensor\EntitiesExtractor\1.0-SNAPSHOT\EntitiesExtractor-1.0-SNAPSHOT.jar;C:\Documents and Settings\gpetkos\.m2\repository\eu\socialsensor\KeywordExtractor\1.0-SNAPSHOT\KeywordExtractor-1.0-SNAPSHOT.jar;C:\Documents and Settings\gpetkos\.m2\repository\edu\stanford\nlp\stanford-corenlp\3.2.0\stanford-corenlp-3.2.0-models.jar;C:\Documents and Settings\gpetkos\.m2\repository\org\twitter4j\twitter4j-core\3.0.3\twitter4j-core-3.0.3.jar;C:\Documents and Settings\gpetkos\.m2\repository\org\twitter4j\twitter4j-stream\3.0.3\twitter4j-stream-3.0.3.jar;C:\Documents and Settings\gpetkos\.m2\repository\cc\mallet\mallet\2.0.7\mallet-2.0.7.jar;C:\Documents and Settings\gpetkos\.m2\repository\org\beanshell\bsh\2.0b4\bsh-2.0b4.jar;C:\Documents and Settings\gpetkos\.m2\repository\jgrapht\jgrapht\0.6.0\jgrapht-0.6.0.jar;C:\Documents and Settings\gpetkos\.m2\repository\net\sf\jwordnet\jwnl\1.4_rc3\jwnl-1.4_rc3.jar;C:\Documents and Settings\gpetkos\.m2\repository\net\sf\trove4j\trove4j\2.0.2\trove4j-2.0.2.jar;C:\Documents and Settings\gpetkos\.m2\repository\com\googlecode\matrix-toolkits-java\mtj\0.9.14\mtj-0.9.14.jar;C:\Documents and Settings\gpetkos\.m2\repository\com\googlecode\netlib-java\netlib-java\0.9.3\netlib-java-0.9.3.jar;C:\Documents and Settings\gpetkos\.m2\repository\net\sourceforge\f2j\arpack_combined_all\0.1\arpack_combined_all-0.1.jar;C:\Documents and Settings\gpetkos\.m2\repository\org\jdom\jdom\1.1\jdom-1.1.jar;C:\Documents and Settings\gpetkos\.m2\repository\net\sf\jung\jung-algorithms\2.0.1\jung-algorithms-2.0.1.jar;C:\Documents and Settings\gpetkos\.m2\repository\net\sourceforge\collections\collections-generic\4.01\collections-generic-4.01.jar;C:\Documents and Settings\gpetkos\.m2\repository\net\sf\jung\jung-api\2.0.1\jung-api-2.0.1.jar;C:\Documents and Settings\gpetkos\.m2\repository\net\sf\jung\jung-graph-impl\2.0.1\jung-graph-impl-2.0.1.jar;C:\Documents and Settings\gpetkos\.m2\repository\net\sf\jung\jung-io\2.0.1\jung-io-2.0.1.jar;C:\Documents and Settings\gpetkos\.m2\repository\org\apache\httpcomponents\httpclient\4.2.3\httpclient-4.2.3.jar;C:\Documents and Settings\gpetkos\.m2\repository\org\apache\httpcomponents\httpcore\4.2.2\httpcore-4.2.2.jar;C:\Documents and Settings\gpetkos\.m2\repository\eu\socialsensor\socialsensor-framework-client\0.2-SNAPSHOT\socialsensor-framework-client-0.2-SNAPSHOT.jar;C:\Documents and Settings\gpetkos\.m2\repository\com\rabbitmq\amqp-client\3.0.0\amqp-client-3.0.0.jar;C:\Documents and Settings\gpetkos\.m2\repository\org\apache\httpcomponents\httpmime\4.2.1\httpmime-4.2.1.jar;C:\Documents and Settings\gpetkos\.m2\repository\org\apache\hadoop\hadoop-core\1.1.0\hadoop-core-1.1.0.jar;C:\Documents and Settings\gpetkos\.m2\repository\xmlenc\xmlenc\0.52\xmlenc-0.52.jar;C:\Documents and Settings\gpetkos\.m2\repository\commons-httpclient\commons-httpclient\3.0.1\commons-httpclient-3.0.1.jar;C:\Documents and Settings\gpetkos\.m2\repository\org\apache\commons\commons-math\2.1\commons-math-2.1.jar;C:\Documents and Settings\gpetkos\.m2\repository\commons-configuration\commons-configuration\1.6\commons-configuration-1.6.jar;C:\Documents and Settings\gpetkos\.m2\repository\commons-collections\commons-collections\3.2.1\commons-collections-3.2.1.jar;C:\Documents and Settings\gpetkos\.m2\repository\commons-digester\commons-digester\1.8\commons-digester-1.8.jar;C:\Documents and Settings\gpetkos\.m2\repository\commons-beanutils\commons-beanutils\1.7.0\commons-beanutils-1.7.0.jar;C:\Documents and Settings\gpetkos\.m2\repository\commons-beanutils\commons-beanutils-core\1.8.0\commons-beanutils-core-1.8.0.jar;C:\Documents and Settings\gpetkos\.m2\repository\commons-net\commons-net\1.4.1\commons-net-1.4.1.jar;C:\Documents and Settings\gpetkos\.m2\repository\org\mortbay\jetty\jetty\6.1.26\jetty-6.1.26.jar;C:\Documents and Settings\gpetkos\.m2\repository\org\mortbay\jetty\servlet-api\2.5-20081211\servlet-api-2.5-20081211.jar;C:\Documents and Settings\gpetkos\.m2\repository\org\mortbay\jetty\jetty-util\6.1.26\jetty-util-6.1.26.jar;C:\Documents and Settings\gpetkos\.m2\repository\tomcat\jasper-runtime\5.5.12\jasper-runtime-5.5.12.jar;C:\Documents and Settings\gpetkos\.m2\repository\tomcat\jasper-compiler\5.5.12\jasper-compiler-5.5.12.jar;C:\Documents and Settings\gpetkos\.m2\repository\org\mortbay\jetty\jsp-api-2.1\6.1.14\jsp-api-2.1-6.1.14.jar;C:\Documents and Settings\gpetkos\.m2\repository\org\mortbay\jetty\servlet-api-2.5\6.1.14\servlet-api-2.5-6.1.14.jar;C:\Documents and Settings\gpetkos\.m2\repository\org\mortbay\jetty\jsp-2.1\6.1.14\jsp-2.1-6.1.14.jar;C:\Documents and Settings\gpetkos\.m2\repository\ant\ant\1.6.5\ant-1.6.5.jar;C:\Documents and Settings\gpetkos\.m2\repository\commons-el\commons-el\1.0\commons-el-1.0.jar;C:\Documents and Settings\gpetkos\.m2\repository\net\java\dev\jets3t\jets3t\0.7.1\jets3t-0.7.1.jar;C:\Documents and Settings\gpetkos\.m2\repository\net\sf\kosmosfs\kfs\0.3\kfs-0.3.jar;C:\Documents and Settings\gpetkos\.m2\repository\hsqldb\hsqldb\1.8.0.10\hsqldb-1.8.0.10.jar;C:\Documents and Settings\gpetkos\.m2\repository\oro\oro\2.0.8\oro-2.0.8.jar;C:\Documents and Settings\gpetkos\.m2\repository\org\eclipse\jdt\core\3.1.1\core-3.1.1.jar;C:\Documents and Settings\gpetkos\.m2\repository\org\codehaus\jackson\jackson-mapper-asl\1.0.1\jackson-mapper-asl-1.0.1.jar;C:\Documents and Settings\gpetkos\.m2\repository\org\codehaus\jackson\jackson-core-asl\1.0.1\jackson-core-asl-1.0.1.jar;C:\Documents and Settings\gpetkos\.m2\repository\redis\clients\jedis\2.1.0\jedis-2.1.0.jar;C:\Documents and Settings\gpetkos\.m2\repository\commons-pool\commons-pool\1.5.5\commons-pool-1.5.5.jar;"/>
    <property name="java.specification.name" value="Java Platform API Specification"/>
    <property name="java.class.version" value="51.0"/>
    <property name="sun.management.compiler" value="HotSpot Client Compiler"/>
    <property name="os.version" value="5.1"/>
    <property name="user.home" value="C:\Documents and Settings\gpetkos"/>
    <property name="user.timezone" value=""/>
    <property name="java.awt.printerjob" value="sun.awt.windows.WPrinterJob"/>
    <property name="java.specification.version" value="1.7"/>
    <property name="file.encoding" value="Cp1253"/>
    <property name="user.name" value="gpetkos"/>
    <property name="java.class.path" value="D:\NetBeansProjects\TrendaLabeler\target\test-classes;D:\NetBeansProjects\TrendaLabeler\target\classes;C:\Documents and Settings\gpetkos\.m2\repository\junit\junit\3.8.1\junit-3.8.1.jar;C:\Documents and Settings\gpetkos\.m2\repository\pl\pragmatists\tumbler\tumbler\0.4.1\tumbler-0.4.1.jar;C:\Documents and Settings\gpetkos\.m2\repository\org\freemarker\freemarker\2.3.18\freemarker-2.3.18.jar;C:\Documents and Settings\gpetkos\.m2\repository\pl\pragmatists\JUnitParams\0.4.0\JUnitParams-0.4.0.jar;C:\Documents and Settings\gpetkos\.m2\repository\org\springframework\spring-test\3.0.7.RELEASE\spring-test-3.0.7.RELEASE.jar;C:\Documents and Settings\gpetkos\.m2\repository\org\springframework\spring-core\3.0.7.RELEASE\spring-core-3.0.7.RELEASE.jar;C:\Documents and Settings\gpetkos\.m2\repository\org\springframework\spring-asm\3.0.7.RELEASE\spring-asm-3.0.7.RELEASE.jar;C:\Documents and Settings\gpetkos\.m2\repository\commons-logging\commons-logging\1.1.1\commons-logging-1.1.1.jar;C:\Documents and Settings\gpetkos\.m2\repository\org\springframework\spring-context\3.0.7.RELEASE\spring-context-3.0.7.RELEASE.jar;C:\Documents and Settings\gpetkos\.m2\repository\org\springframework\spring-aop\3.0.7.RELEASE\spring-aop-3.0.7.RELEASE.jar;C:\Documents and Settings\gpetkos\.m2\repository\aopalliance\aopalliance\1.0\aopalliance-1.0.jar;C:\Documents and Settings\gpetkos\.m2\repository\org\springframework\spring-beans\3.0.7.RELEASE\spring-beans-3.0.7.RELEASE.jar;C:\Documents and Settings\gpetkos\.m2\repository\org\springframework\spring-expression\3.0.7.RELEASE\spring-expression-3.0.7.RELEASE.jar;C:\Documents and Settings\gpetkos\.m2\repository\cglib\cglib\2.2.2\cglib-2.2.2.jar;C:\Documents and Settings\gpetkos\.m2\repository\asm\asm\3.3.1\asm-3.3.1.jar;C:\Documents and Settings\gpetkos\.m2\repository\edu\stanford\nlp\stanford-corenlp\3.2.0\stanford-corenlp-3.2.0.jar;C:\Documents and Settings\gpetkos\.m2\repository\xom\xom\1.2.5\xom-1.2.5.jar;C:\Documents and Settings\gpetkos\.m2\repository\xml-apis\xml-apis\1.3.03\xml-apis-1.3.03.jar;C:\Documents and Settings\gpetkos\.m2\repository\xerces\xercesImpl\2.8.0\xercesImpl-2.8.0.jar;C:\Documents and Settings\gpetkos\.m2\repository\xalan\xalan\2.7.0\xalan-2.7.0.jar;C:\Documents and Settings\gpetkos\.m2\repository\joda-time\joda-time\2.1\joda-time-2.1.jar;C:\Documents and Settings\gpetkos\.m2\repository\de\jollyday\jollyday\0.4.7\jollyday-0.4.7.jar;C:\Documents and Settings\gpetkos\.m2\repository\javax\xml\bind\jaxb-api\2.2.7\jaxb-api-2.2.7.jar;C:\Documents and Settings\gpetkos\.m2\repository\com\googlecode\efficient-java-matrix-library\ejml\0.19\ejml-0.19.jar;C:\Documents and Settings\gpetkos\.m2\repository\uk\ac\shef\wit\simmetrics\1.6.2\simmetrics-1.6.2.jar;C:\Documents and Settings\gpetkos\.m2\repository\org\htmlparser\htmlparser\1.6\htmlparser-1.6.jar;C:\Documents and Settings\gpetkos\.m2\repository\eu\socialsensor\socialsensor-framework-common\0.2-SNAPSHOT\socialsensor-framework-common-0.2-SNAPSHOT.jar;C:\Documents and Settings\gpetkos\.m2\repository\com\google\code\gson\gson\2.2.2\gson-2.2.2.jar;C:\Documents and Settings\gpetkos\.m2\repository\log4j\log4j\1.2.16\log4j-1.2.16.jar;C:\Documents and Settings\gpetkos\.m2\repository\org\mongodb\mongo-java-driver\2.11.0\mongo-java-driver-2.11.0.jar;C:\Documents and Settings\gpetkos\.m2\repository\org\apache\solr\solr-core\4.0.0\solr-core-4.0.0.jar;C:\Documents and Settings\gpetkos\.m2\repository\org\apache\lucene\lucene-analyzers-kuromoji\4.0.0\lucene-analyzers-kuromoji-4.0.0.jar;C:\Documents and Settings\gpetkos\.m2\repository\org\apache\lucene\lucene-analyzers-morfologik\4.0.0\lucene-analyzers-morfologik-4.0.0.jar;C:\Documents and Settings\gpetkos\.m2\repository\org\carrot2\morfologik-polish\1.5.3\morfologik-polish-1.5.3.jar;C:\Documents and Settings\gpetkos\.m2\repository\org\carrot2\morfologik-stemming\1.5.3\morfologik-stemming-1.5.3.jar;C:\Documents and Settings\gpetkos\.m2\repository\org\carrot2\morfologik-fsa\1.5.3\morfologik-fsa-1.5.3.jar;C:\Documents and Settings\gpetkos\.m2\repository\org\apache\lucene\lucene-analyzers-phonetic\4.0.0\lucene-analyzers-phonetic-4.0.0.jar;C:\Documents and Settings\gpetkos\.m2\repository\org\apache\lucene\lucene-highlighter\4.0.0\lucene-highlighter-4.0.0.jar;C:\Documents and Settings\gpetkos\.m2\repository\org\apache\lucene\lucene-memory\4.0.0\lucene-memory-4.0.0.jar;C:\Documents and Settings\gpetkos\.m2\repository\org\apache\lucene\lucene-misc\4.0.0\lucene-misc-4.0.0.jar;C:\Documents and Settings\gpetkos\.m2\repository\org\apache\lucene\lucene-queryparser\4.0.0\lucene-queryparser-4.0.0.jar;C:\Documents and Settings\gpetkos\.m2\repository\org\apache\lucene\lucene-spatial\4.0.0\lucene-spatial-4.0.0.jar;C:\Documents and Settings\gpetkos\.m2\repository\com\spatial4j\spatial4j\0.3\spatial4j-0.3.jar;C:\Documents and Settings\gpetkos\.m2\repository\org\apache\lucene\lucene-suggest\4.0.0\lucene-suggest-4.0.0.jar;C:\Documents and Settings\gpetkos\.m2\repository\org\apache\lucene\lucene-grouping\4.0.0\lucene-grouping-4.0.0.jar;C:\Documents and Settings\gpetkos\.m2\repository\org\apache\lucene\lucene-queries\4.0.0\lucene-queries-4.0.0.jar;C:\Documents and Settings\gpetkos\.m2\repository\commons-codec\commons-codec\1.7\commons-codec-1.7.jar;C:\Documents and Settings\gpetkos\.m2\repository\commons-cli\commons-cli\1.2\commons-cli-1.2.jar;C:\Documents and Settings\gpetkos\.m2\repository\commons-fileupload\commons-fileupload\1.2.1\commons-fileupload-1.2.1.jar;C:\Documents and Settings\gpetkos\.m2\repository\org\slf4j\jcl-over-slf4j\1.6.4\jcl-over-slf4j-1.6.4.jar;C:\Documents and Settings\gpetkos\.m2\repository\org\slf4j\slf4j-jdk14\1.6.4\slf4j-jdk14-1.6.4.jar;C:\Documents and Settings\gpetkos\.m2\repository\commons-io\commons-io\2.1\commons-io-2.1.jar;C:\Documents and Settings\gpetkos\.m2\repository\commons-lang\commons-lang\2.6\commons-lang-2.6.jar;C:\Documents and Settings\gpetkos\.m2\repository\com\google\guava\guava\r05\guava-r05.jar;C:\Documents and Settings\gpetkos\.m2\repository\org\codehaus\woodstox\wstx-asl\3.2.7\wstx-asl-3.2.7.jar;C:\Documents and Settings\gpetkos\.m2\repository\org\slf4j\slf4j-api\1.6.4\slf4j-api-1.6.4.jar;C:\Documents and Settings\gpetkos\.m2\repository\org\apache\solr\solr-solrj\4.0.0\solr-solrj-4.0.0.jar;C:\Documents and Settings\gpetkos\.m2\repository\org\apache\zookeeper\zookeeper\3.3.6\zookeeper-3.3.6.jar;C:\Documents and Settings\gpetkos\.m2\repository\org\apache\commons\commons-lang3\3.1\commons-lang3-3.1.jar;C:\Documents and Settings\gpetkos\.m2\repository\eu\socialsensor\topic-detection\0.2-SNAPSHOT\topic-detection-0.2-SNAPSHOT.jar;C:\Documents and Settings\gpetkos\.m2\repository\org\scalanlp\jblas\1.2.1\jblas-1.2.1.jar;C:\Documents and Settings\gpetkos\.m2\repository\colt\colt\1.2.0\colt-1.2.0.jar;C:\Documents and Settings\gpetkos\.m2\repository\concurrent\concurrent\1.3.4\concurrent-1.3.4.jar;C:\Documents and Settings\gpetkos\.m2\repository\com\aliasi\lingpipe\4.0.1\lingpipe-4.0.1.jar;C:\Documents and Settings\gpetkos\.m2\repository\org\apache\lucene\lucene-core\4.0.0\lucene-core-4.0.0.jar;C:\Documents and Settings\gpetkos\.m2\repository\org\apache\lucene\lucene-analyzers-common\4.0.0\lucene-analyzers-common-4.0.0.jar;C:\Documents and Settings\gpetkos\.m2\repository\com\cybozu\labs\langdetect\1.1-20120112\langdetect-1.1-20120112.jar;C:\Documents and Settings\gpetkos\.m2\repository\net\arnx\jsonic\1.2.7\jsonic-1.2.7.jar;C:\Documents and Settings\gpetkos\.m2\repository\eu\socialsensor\EntitiesExtractor\1.0-SNAPSHOT\EntitiesExtractor-1.0-SNAPSHOT.jar;C:\Documents and Settings\gpetkos\.m2\repository\eu\socialsensor\KeywordExtractor\1.0-SNAPSHOT\KeywordExtractor-1.0-SNAPSHOT.jar;C:\Documents and Settings\gpetkos\.m2\repository\edu\stanford\nlp\stanford-corenlp\3.2.0\stanford-corenlp-3.2.0-models.jar;C:\Documents and Settings\gpetkos\.m2\repository\org\twitter4j\twitter4j-core\3.0.3\twitter4j-core-3.0.3.jar;C:\Documents and Settings\gpetkos\.m2\repository\org\twitter4j\twitter4j-stream\3.0.3\twitter4j-stream-3.0.3.jar;C:\Documents and Settings\gpetkos\.m2\repository\cc\mallet\mallet\2.0.7\mallet-2.0.7.jar;C:\Documents and Settings\gpetkos\.m2\repository\org\beanshell\bsh\2.0b4\bsh-2.0b4.jar;C:\Documents and Settings\gpetkos\.m2\repository\jgrapht\jgrapht\0.6.0\jgrapht-0.6.0.jar;C:\Documents and Settings\gpetkos\.m2\repository\net\sf\jwordnet\jwnl\1.4_rc3\jwnl-1.4_rc3.jar;C:\Documents and Settings\gpetkos\.m2\repository\net\sf\trove4j\trove4j\2.0.2\trove4j-2.0.2.jar;C:\Documents and Settings\gpetkos\.m2\repository\com\googlecode\matrix-toolkits-java\mtj\0.9.14\mtj-0.9.14.jar;C:\Documents and Settings\gpetkos\.m2\repository\com\googlecode\netlib-java\netlib-java\0.9.3\netlib-java-0.9.3.jar;C:\Documents and Settings\gpetkos\.m2\repository\net\sourceforge\f2j\arpack_combined_all\0.1\arpack_combined_all-0.1.jar;C:\Documents and Settings\gpetkos\.m2\repository\org\jdom\jdom\1.1\jdom-1.1.jar;C:\Documents and Settings\gpetkos\.m2\repository\net\sf\jung\jung-algorithms\2.0.1\jung-algorithms-2.0.1.jar;C:\Documents and Settings\gpetkos\.m2\repository\net\sourceforge\collections\collections-generic\4.01\collections-generic-4.01.jar;C:\Documents and Settings\gpetkos\.m2\repository\net\sf\jung\jung-api\2.0.1\jung-api-2.0.1.jar;C:\Documents and Settings\gpetkos\.m2\repository\net\sf\jung\jung-graph-impl\2.0.1\jung-graph-impl-2.0.1.jar;C:\Documents and Settings\gpetkos\.m2\repository\net\sf\jung\jung-io\2.0.1\jung-io-2.0.1.jar;C:\Documents and Settings\gpetkos\.m2\repository\org\apache\httpcomponents\httpclient\4.2.3\httpclient-4.2.3.jar;C:\Documents and Settings\gpetkos\.m2\repository\org\apache\httpcomponents\httpcore\4.2.2\httpcore-4.2.2.jar;C:\Documents and Settings\gpetkos\.m2\repository\eu\socialsensor\socialsensor-framework-client\0.2-SNAPSHOT\socialsensor-framework-client-0.2-SNAPSHOT.jar;C:\Documents and Settings\gpetkos\.m2\repository\com\rabbitmq\amqp-client\3.0.0\amqp-client-3.0.0.jar;C:\Documents and Settings\gpetkos\.m2\repository\org\apache\httpcomponents\httpmime\4.2.1\httpmime-4.2.1.jar;C:\Documents and Settings\gpetkos\.m2\repository\org\apache\hadoop\hadoop-core\1.1.0\hadoop-core-1.1.0.jar;C:\Documents and Settings\gpetkos\.m2\repository\xmlenc\xmlenc\0.52\xmlenc-0.52.jar;C:\Documents and Settings\gpetkos\.m2\repository\commons-httpclient\commons-httpclient\3.0.1\commons-httpclient-3.0.1.jar;C:\Documents and Settings\gpetkos\.m2\repository\org\apache\commons\commons-math\2.1\commons-math-2.1.jar;C:\Documents and Settings\gpetkos\.m2\repository\commons-configuration\commons-configuration\1.6\commons-configuration-1.6.jar;C:\Documents and Settings\gpetkos\.m2\repository\commons-collections\commons-collections\3.2.1\commons-collections-3.2.1.jar;C:\Documents and Settings\gpetkos\.m2\repository\commons-digester\commons-digester\1.8\commons-digester-1.8.jar;C:\Documents and Settings\gpetkos\.m2\repository\commons-beanutils\commons-beanutils\1.7.0\commons-beanutils-1.7.0.jar;C:\Documents and Settings\gpetkos\.m2\repository\commons-beanutils\commons-beanutils-core\1.8.0\commons-beanutils-core-1.8.0.jar;C:\Documents and Settings\gpetkos\.m2\repository\commons-net\commons-net\1.4.1\commons-net-1.4.1.jar;C:\Documents and Settings\gpetkos\.m2\repository\org\mortbay\jetty\jetty\6.1.26\jetty-6.1.26.jar;C:\Documents and Settings\gpetkos\.m2\repository\org\mortbay\jetty\servlet-api\2.5-20081211\servlet-api-2.5-20081211.jar;C:\Documents and Settings\gpetkos\.m2\repository\org\mortbay\jetty\jetty-util\6.1.26\jetty-util-6.1.26.jar;C:\Documents and Settings\gpetkos\.m2\repository\tomcat\jasper-runtime\5.5.12\jasper-runtime-5.5.12.jar;C:\Documents and Settings\gpetkos\.m2\repository\tomcat\jasper-compiler\5.5.12\jasper-compiler-5.5.12.jar;C:\Documents and Settings\gpetkos\.m2\repository\org\mortbay\jetty\jsp-api-2.1\6.1.14\jsp-api-2.1-6.1.14.jar;C:\Documents and Settings\gpetkos\.m2\repository\org\mortbay\jetty\servlet-api-2.5\6.1.14\servlet-api-2.5-6.1.14.jar;C:\Documents and Settings\gpetkos\.m2\repository\org\mortbay\jetty\jsp-2.1\6.1.14\jsp-2.1-6.1.14.jar;C:\Documents and Settings\gpetkos\.m2\repository\ant\ant\1.6.5\ant-1.6.5.jar;C:\Documents and Settings\gpetkos\.m2\repository\commons-el\commons-el\1.0\commons-el-1.0.jar;C:\Documents and Settings\gpetkos\.m2\repository\net\java\dev\jets3t\jets3t\0.7.1\jets3t-0.7.1.jar;C:\Documents and Settings\gpetkos\.m2\repository\net\sf\kosmosfs\kfs\0.3\kfs-0.3.jar;C:\Documents and Settings\gpetkos\.m2\repository\hsqldb\hsqldb\1.8.0.10\hsqldb-1.8.0.10.jar;C:\Documents and Settings\gpetkos\.m2\repository\oro\oro\2.0.8\oro-2.0.8.jar;C:\Documents and Settings\gpetkos\.m2\repository\org\eclipse\jdt\core\3.1.1\core-3.1.1.jar;C:\Documents and Settings\gpetkos\.m2\repository\org\codehaus\jackson\jackson-mapper-asl\1.0.1\jackson-mapper-asl-1.0.1.jar;C:\Documents and Settings\gpetkos\.m2\repository\org\codehaus\jackson\jackson-core-asl\1.0.1\jackson-core-asl-1.0.1.jar;C:\Documents and Settings\gpetkos\.m2\repository\redis\clients\jedis\2.1.0\jedis-2.1.0.jar;C:\Documents and Settings\gpetkos\.m2\repository\commons-pool\commons-pool\1.5.5\commons-pool-1.5.5.jar;"/>
    <property name="java.vm.specification.version" value="1.7"/>
    <property name="sun.arch.data.model" value="32"/>
    <property name="java.home" value="C:\Program Files\Java\jdk1.7.0_01\jre"/>
    <property name="sun.java.command" value="D:\NetBeansProjects\TrendaLabeler\target\surefire\surefirebooter1317919369858525855.jar D:\NetBeansProjects\TrendaLabeler\target\surefire\surefire7606184001806449971tmp D:\NetBeansProjects\TrendaLabeler\target\surefire\surefire2114591728557218330tmp"/>
    <property name="java.specification.vendor" value="Oracle Corporation"/>
    <property name="user.language" value="en"/>
    <property name="user.language.format" value="el"/>
    <property name="awt.toolkit" value="sun.awt.windows.WToolkit"/>
    <property name="java.vm.info" value="mixed mode, sharing"/>
    <property name="java.version" value="1.7.0_01"/>
    <property name="java.ext.dirs" value="C:\Program Files\Java\jdk1.7.0_01\jre\lib\ext;C:\windows\Sun\Java\lib\ext"/>
    <property name="sun.boot.class.path" value="C:\Program Files\Java\jdk1.7.0_01\jre\lib\resources.jar;C:\Program Files\Java\jdk1.7.0_01\jre\lib\rt.jar;C:\Program Files\Java\jdk1.7.0_01\jre\lib\sunrsasign.jar;C:\Program Files\Java\jdk1.7.0_01\jre\lib\jsse.jar;C:\Program Files\Java\jdk1.7.0_01\jre\lib\jce.jar;C:\Program Files\Java\jdk1.7.0_01\jre\lib\charsets.jar;C:\Program Files\Java\jdk1.7.0_01\jre\classes"/>
    <property name="java.vendor" value="Oracle Corporation"/>
    <property name="localRepository" value="C:\Documents and Settings\gpetkos\.m2\repository"/>
    <property name="file.separator" value="\"/>
    <property name="java.vendor.url.bug" value="http://bugreport.sun.com/bugreport/"/>
    <property name="sun.cpu.endian" value="little"/>
    <property name="sun.io.unicode.encoding" value="UnicodeLittle"/>
    <property name="sun.desktop" value="windows"/>
    <property name="sun.cpu.isalist" value="pentium_pro+mmx pentium_pro pentium+mmx pentium i486 i386 i86"/>
  </properties>
  <testcase time="0" classname="eu.socialsensor.trendalabeler.AppTest" name="testApp"/>
</testsuite>